# JRE version: OpenJDK Runtime Environment (22.0.2+9) (build 22.0.2+9-70)
# Java VM: OpenJDK 64-Bit Server VM (22.0.2+9-70, mixed mode, sharing, tiered, compressed oops, compressed class ptrs, g1 gc, bsd-aarch64)
Heap:
 garbage-first heap   total reserved 2097152K, committed 133120K, used 42710K [0x0000000780000000, 0x0000000800000000)
  region size 1024K, 35 young (35840K), 1 survivors (1024K)
 Metaspace       used 20297K, committed 20736K, reserved 1114112K
  class space    used 2137K, committed 2368K, reserved 1048576K
GC Heap History (20 events):
Event: 6893.081 GC heap before
{Heap before GC invocations=110 (full 0):
 garbage-first heap   total reserved 2097152K, committed 133120K, used 85362K [0x0000000780000000, 0x0000000800000000)
  region size 1024K, 76 young (77824K), 1 survivors (1024K)
 Metaspace       used 20295K, committed 20736K, reserved 1114112K
  class space    used 2137K, committed 2368K, reserved 1048576K
}
Event: 6893.083 GC heap after
{Heap after GC invocations=111 (full 0):
 garbage-first heap   total reserved 2097152K, committed 133120K, used 8572K [0x0000000780000000, 0x0000000800000000)
  region size 1024K, 1 young (1024K), 1 survivors (1024K)
 Metaspace       used 20295K, committed 20736K, reserved 1114112K
  class space    used 2137K, committed 2368K, reserved 1048576K
}
Event: 6961.113 GC heap before
{Heap before GC invocations=111 (full 0):
 garbage-first heap   total reserved 2097152K, committed 133120K, used 85372K [0x0000000780000000, 0x0000000800000000)
  region size 1024K, 76 young (77824K), 1 survivors (1024K)
 Metaspace       used 20295K, committed 20736K, reserved 1114112K
  class space    used 2137K, committed 2368K, reserved 1048576K
}
Event: 6961.114 GC heap after
{Heap after GC invocations=112 (full 0):
 garbage-first heap   total reserved 2097152K, committed 133120K, used 8569K [0x0000000780000000, 0x0000000800000000)
  region size 1024K, 1 young (1024K), 1 survivors (1024K)
 Metaspace       used 20295K, committed 20736K, reserved 1114112K
  class space    used 2137K, committed 2368K, reserved 1048576K
}
Event: 7029.672 GC heap before
{Heap before GC invocations=112 (full 0):
 garbage-first heap   total reserved 2097152K, committed 133120K, used 85369K [0x0000000780000000, 0x0000000800000000)
  region size 1024K, 76 young (77824K), 1 survivors (1024K)
 Metaspace       used 20295K, committed 20736K, reserved 1114112K
  class space    used 2137K, committed 2368K, reserved 1048576K
}
Event: 7029.674 GC heap after
{Heap after GC invocations=113 (full 0):
 garbage-first heap   total reserved 2097152K, committed 133120K, used 8562K [0x0000000780000000, 0x0000000800000000)
  region size 1024K, 1 young (1024K), 1 survivors (1024K)
 Metaspace       used 20295K, committed 20736K, reserved 1114112K
  class space    used 2137K, committed 2368K, reserved 1048576K
}
Event: 7097.661 GC heap before
{Heap before GC invocations=113 (full 0):
 garbage-first heap   total reserved 2097152K, committed 133120K, used 85362K [0x0000000780000000, 0x0000000800000000)
  region size 1024K, 76 young (77824K), 1 survivors (1024K)
 Metaspace       used 20295K, committed 20736K, reserved 1114112K
  class space    used 2137K, committed 2368K, reserved 1048576K
}
Event: 7097.663 GC heap after
{Heap after GC invocations=114 (full 0):
 garbage-first heap   total reserved 2097152K, committed 133120K, used 8573K [0x0000000780000000, 0x0000000800000000)
  region size 1024K, 1 young (1024K), 1 survivors (1024K)
 Metaspace       used 20295K, committed 20736K, reserved 1114112K
  class space    used 2137K, committed 2368K, reserved 1048576K
}
Event: 7165.679 GC heap before
{Heap before GC invocations=114 (full 0):
 garbage-first heap   total reserved 2097152K, committed 133120K, used 85373K [0x0000000780000000, 0x0000000800000000)
  region size 1024K, 76 young (77824K), 1 survivors (1024K)
 Metaspace       used 20295K, committed 20736K, reserved 1114112K
  class space    used 2137K, committed 2368K, reserved 1048576K
}
Event: 7165.680 GC heap after
{Heap after GC invocations=115 (full 0):
 garbage-first heap   total reserved 2097152K, committed 133120K, used 8573K [0x0000000780000000, 0x0000000800000000)
  region size 1024K, 1 young (1024K), 1 survivors (1024K)
 Metaspace       used 20295K, committed 20736K, reserved 1114112K
  class space    used 2137K, committed 2368K, reserved 1048576K
}
Event: 7233.938 GC heap before
{Heap before GC invocations=115 (full 0):
 garbage-first heap   total reserved 2097152K, committed 133120K, used 85373K [0x0000000780000000, 0x0000000800000000)
  region size 1024K, 76 young (77824K), 1 survivors (1024K)
 Metaspace       used 20296K, committed 20736K, reserved 1114112K
  class space    used 2137K, committed 2368K, reserved 1048576K
}
Event: 7233.939 GC heap after
{Heap after GC invocations=116 (full 0):
 garbage-first heap   total reserved 2097152K, committed 133120K, used 8560K [0x0000000780000000, 0x0000000800000000)
  region size 1024K, 1 young (1024K), 1 survivors (1024K)
 Metaspace       used 20296K, committed 20736K, reserved 1114112K
  class space    used 2137K, committed 2368K, reserved 1048576K
}
Event: 7302.027 GC heap before
{Heap before GC invocations=116 (full 0):
 garbage-first heap   total reserved 2097152K, committed 133120K, used 85360K [0x0000000780000000, 0x0000000800000000)
  region size 1024K, 76 young (77824K), 1 survivors (1024K)
 Metaspace       used 20296K, committed 20736K, reserved 1114112K
  class space    used 2137K, committed 2368K, reserved 1048576K
}
Event: 7302.030 GC heap after
{Heap after GC invocations=117 (full 0):
 garbage-first heap   total reserved 2097152K, committed 133120K, used 8571K [0x0000000780000000, 0x0000000800000000)
  region size 1024K, 1 young (1024K), 1 survivors (1024K)
 Metaspace       used 20296K, committed 20736K, reserved 1114112K
  class space    used 2137K, committed 2368K, reserved 1048576K
}
Event: 7370.428 GC heap before
{Heap before GC invocations=117 (full 0):
 garbage-first heap   total reserved 2097152K, committed 133120K, used 85371K [0x0000000780000000, 0x0000000800000000)
  region size 1024K, 76 young (77824K), 1 survivors (1024K)
 Metaspace       used 20296K, committed 20736K, reserved 1114112K
  class space    used 2137K, committed 2368K, reserved 1048576K
}
Event: 7370.429 GC heap after
{Heap after GC invocations=118 (full 0):
 garbage-first heap   total reserved 2097152K, committed 133120K, used 8566K [0x0000000780000000, 0x0000000800000000)
  region size 1024K, 1 young (1024K), 1 survivors (1024K)
 Metaspace       used 20296K, committed 20736K, reserved 1114112K
  class space    used 2137K, committed 2368K, reserved 1048576K
}
Event: 7438.122 GC heap before
{Heap before GC invocations=118 (full 0):
 garbage-first heap   total reserved 2097152K, committed 133120K, used 85366K [0x0000000780000000, 0x0000000800000000)
  region size 1024K, 76 young (77824K), 1 survivors (1024K)
 Metaspace       used 20296K, committed 20736K, reserved 1114112K
  class space    used 2137K, committed 2368K, reserved 1048576K
}
Event: 7438.126 GC heap after
{Heap after GC invocations=119 (full 0):
 garbage-first heap   total reserved 2097152K, committed 133120K, used 8564K [0x0000000780000000, 0x0000000800000000)
  region size 1024K, 1 young (1024K), 1 survivors (1024K)
 Metaspace       used 20296K, committed 20736K, reserved 1114112K
  class space    used 2137K, committed 2368K, reserved 1048576K
}
Event: 7506.527 GC heap before
{Heap before GC invocations=119 (full 0):
 garbage-first heap   total reserved 2097152K, committed 133120K, used 85364K [0x0000000780000000, 0x0000000800000000)
  region size 1024K, 76 young (77824K), 1 survivors (1024K)
 Metaspace       used 20296K, committed 20736K, reserved 1114112K
  class space    used 2137K, committed 2368K, reserved 1048576K
}
Event: 7506.528 GC heap after
{Heap after GC invocations=120 (full 0):
 garbage-first heap   total reserved 2097152K, committed 133120K, used 8569K [0x0000000780000000, 0x0000000800000000)
  region size 1024K, 1 young (1024K), 1 survivors (1024K)
 Metaspace       used 20296K, committed 20736K, reserved 1114112K
  class space    used 2137K, committed 2368K, reserved 1048576K
}

